<?xml version="1.0" encoding="UTF-8"?>
<beans xmlns="http://www.springframework.org/schema/beans"
	   xmlns:xsi="http://www.w3.org/2001/XMLSchema-instance"
	   xsi:schemaLocation="http://www.springframework.org/schema/beans
						http://www.springframework.org/schema/beans/spring-beans.xsd">

	<bean id="dataSource" class="org.springframework.jdbc.datasource.DriverManagerDataSource">
		<property name="driverClassName" value="oracle.jdbc.driver.OracleDriver" />
		<property name="url" value="jdbc:oracle:thin:@localhost:1521:orcl" />
		<property name="username" value="olukash" />
		<property name="password" value="olukash" />
	</bean>

	<bean id="oracleDataTypeFactory" class="org.dbunit.ext.oracle.OracleDataTypeFactory" />
	<bean id="dbUnitDatabaseConfig" class="com.github.springtestdbunit.bean.DatabaseConfigBean">
		<property name="datatypeFactory" ref="oracleDataTypeFactory" />
	</bean>
	<bean id="dbUnitDatabaseConnection"
		  class="com.github.springtestdbunit.bean.DatabaseDataSourceConnectionFactoryBean">
		<property name="databaseConfig" ref="dbUnitDatabaseConfig" />
		<property name="dataSource" ref="dataSource" />
		<property name="schema" value="OLUKASH" />
	</bean>

	<!-- transactionManager -->
	<bean id="transactionManager"
		  class="org.springframework.jdbc.datasource.DataSourceTransactionManager">
		<property name="dataSource" ref="dataSource" />
	</bean>

	<bean id="userDAO" class="com.epam.olukash.dao.UserDAO"/>
	<bean id="likeDAO" class="com.epam.olukash.dao.LikeDAO"/>
	<bean id="friendShipDAO" class="com.epam.olukash.dao.FriendshipDAO"/>
	<bean id="postDAO" class="com.epam.olukash.dao.PostDAO"/>
</beans>